D, [2014-02-25T00:11:57.563844 #27652] DEBUG -- : Terminating 105 actors...
W, [2014-02-25T00:11:57.586417 #27652]  WARN -- : Terminating task: type=:finalizer, meta={:method_name=>:__shutdown__}, status=:callwait
W, [2014-02-25T00:11:57.586646 #27652]  WARN -- : Terminating task: type=:call, meta={:method_name=>:start}, status=:callwait
W, [2014-02-25T00:11:57.586854 #27652]  WARN -- : Terminating task: type=:call, meta={:method_name=>:start}, status=:iowait
W, [2014-02-25T00:11:57.587988 #27652]  WARN -- : Terminating task: type=:call, meta={:method_name=>:wait}, status=:condwait
D, [2014-02-25T00:26:42.169005 #28133] DEBUG -- : Terminating 105 actors...
W, [2014-02-25T00:26:42.192484 #28133]  WARN -- : Terminating task: type=:call, meta={:method_name=>:start}, status=:callwait
W, [2014-02-25T00:26:42.192749 #28133]  WARN -- : Terminating task: type=:call, meta={:method_name=>:start}, status=:iowait
W, [2014-02-25T00:26:42.192899 #28133]  WARN -- : Terminating task: type=:call, meta={:method_name=>:wait}, status=:condwait
D, [2014-02-25T00:27:07.135935 #28275] DEBUG -- : Terminating 105 actors...
W, [2014-02-25T00:27:07.173893 #28275]  WARN -- : Terminating task: type=:call, meta={:method_name=>:start}, status=:callwait
W, [2014-02-25T00:27:07.174297 #28275]  WARN -- : Terminating task: type=:call, meta={:method_name=>:start}, status=:iowait
W, [2014-02-25T00:27:07.174907 #28275]  WARN -- : Terminating task: type=:call, meta={:method_name=>:wait}, status=:condwait
D, [2014-02-25T00:27:19.599852 #28416] DEBUG -- : Terminating 105 actors...
W, [2014-02-25T00:27:19.602997 #28416]  WARN -- : Terminating task: type=:finalizer, meta={:method_name=>:__shutdown__}, status=:callwait
W, [2014-02-25T00:27:19.644385 #28416]  WARN -- : Terminating task: type=:call, meta={:method_name=>:start}, status=:callwait
W, [2014-02-25T00:27:19.644856 #28416]  WARN -- : Terminating task: type=:call, meta={:method_name=>:start}, status=:iowait
W, [2014-02-25T00:27:19.645328 #28416]  WARN -- : Terminating task: type=:call, meta={:method_name=>:wait}, status=:condwait
D, [2014-02-25T00:27:33.325858 #28553] DEBUG -- : Terminating 105 actors...
W, [2014-02-25T00:27:33.330050 #28553]  WARN -- : Terminating task: type=:finalizer, meta={:method_name=>:__shutdown__}, status=:callwait
W, [2014-02-25T00:27:33.366015 #28553]  WARN -- : Terminating task: type=:finalizer, meta={:method_name=>:__shutdown__}, status=:callwait
W, [2014-02-25T00:27:33.398714 #28553]  WARN -- : Terminating task: type=:call, meta={:method_name=>:start}, status=:callwait
W, [2014-02-25T00:27:33.399275 #28553]  WARN -- : Terminating task: type=:call, meta={:method_name=>:wait}, status=:condwait
W, [2014-02-25T00:27:33.399675 #28553]  WARN -- : Terminating task: type=:call, meta={:method_name=>:start}, status=:iowait
D, [2014-02-25T00:27:47.808048 #28687] DEBUG -- : Terminating 105 actors...
W, [2014-02-25T00:27:47.816178 #28687]  WARN -- : Terminating task: type=:finalizer, meta={:method_name=>:__shutdown__}, status=:callwait
W, [2014-02-25T00:27:47.841951 #28687]  WARN -- : Terminating task: type=:call, meta={:method_name=>:start}, status=:callwait
W, [2014-02-25T00:27:47.842326 #28687]  WARN -- : Terminating task: type=:call, meta={:method_name=>:start}, status=:iowait
W, [2014-02-25T00:27:47.842908 #28687]  WARN -- : Terminating task: type=:call, meta={:method_name=>:wait}, status=:condwait
