api_daemon: process with pid 3053 started.
D, [2014-02-24T01:18:24.210391 #3053] DEBUG -- : Terminating 109 actors...
W, [2014-02-24T01:18:24.218527 #3053]  WARN -- : Terminating task: type=:finalizer, meta={:method_name=>:__shutdown__}, status=:callwait
W, [2014-02-24T01:18:24.258022 #3053]  WARN -- : Terminating task: type=:call, meta={:method_name=>:start}, status=:callwait
W, [2014-02-24T01:18:24.258282 #3053]  WARN -- : Terminating task: type=:call, meta={:method_name=>:start}, status=:iowait
W, [2014-02-24T01:18:24.258809 #3053]  WARN -- : Terminating task: type=:call, meta={:method_name=>:wait}, status=:condwait
W, [2014-02-24T01:18:24.260467 #3053]  WARN -- : Terminating task: type=:finalizer, meta={:method_name=>:shutdown}, status=:callwait
E, [2014-02-24T01:18:24.261181 #3053] ERROR -- : Crawler::Api::Manager#finalize crashed!
Celluloid::Task::TerminatedError: task was terminated
	/home/alex/.rvm/gems/ruby-2.0.0-p247@crawler/gems/celluloid-0.15.2/lib/celluloid/tasks/task_fiber.rb:32:in `terminate'
	/home/alex/.rvm/gems/ruby-2.0.0-p247@crawler/gems/celluloid-0.15.2/lib/celluloid/actor.rb:404:in `block in cleanup'
	/home/alex/.rvm/gems/ruby-2.0.0-p247@crawler/gems/celluloid-0.15.2/lib/celluloid/actor.rb:404:in `each'
	/home/alex/.rvm/gems/ruby-2.0.0-p247@crawler/gems/celluloid-0.15.2/lib/celluloid/actor.rb:404:in `cleanup'
	/home/alex/.rvm/gems/ruby-2.0.0-p247@crawler/gems/celluloid-0.15.2/lib/celluloid/actor.rb:375:in `shutdown'
	/home/alex/.rvm/gems/ruby-2.0.0-p247@crawler/gems/celluloid-0.15.2/lib/celluloid/actor.rb:185:in `run'
	/home/alex/.rvm/gems/ruby-2.0.0-p247@crawler/gems/celluloid-0.15.2/lib/celluloid/actor.rb:157:in `block in initialize'
	/home/alex/.rvm/gems/ruby-2.0.0-p247@crawler/gems/celluloid-0.15.2/lib/celluloid/thread_handle.rb:13:in `block in initialize'
	/home/alex/.rvm/gems/ruby-2.0.0-p247@crawler/gems/celluloid-0.15.2/lib/celluloid/internal_pool.rb:100:in `call'
	/home/alex/.rvm/gems/ruby-2.0.0-p247@crawler/gems/celluloid-0.15.2/lib/celluloid/internal_pool.rb:100:in `block in create'
E, [2014-02-24T01:18:34.210332 #3053] ERROR -- : Couldn't cleanly terminate all actors in 10 seconds!
api_daemon: process with pid 4188 started.
E, [2014-02-24T01:29:30.175078 #4188] ERROR -- : Crawler::Api::Requester crashed!
ThreadError: queue empty
	/home/alex/.rvm/rubies/ruby-2.0.0-p247/lib/ruby/2.0.0/thread.rb:192:in `block (2 levels) in pop'
	/home/alex/.rvm/rubies/ruby-2.0.0-p247/lib/ruby/2.0.0/thread.rb:188:in `synchronize'
	/home/alex/.rvm/rubies/ruby-2.0.0-p247/lib/ruby/2.0.0/thread.rb:188:in `block in pop'
	/home/alex/.rvm/rubies/ruby-2.0.0-p247/lib/ruby/2.0.0/thread.rb:187:in `handle_interrupt'
	/home/alex/.rvm/rubies/ruby-2.0.0-p247/lib/ruby/2.0.0/thread.rb:187:in `pop'
	/home/alex/Development/ruby/like/crawler/lib/crawler/api/requester.rb:53:in `do_retry'
	/home/alex/Development/ruby/like/crawler/lib/crawler/api/requester.rb:36:in `push'
	/home/alex/.rvm/gems/ruby-2.0.0-p247@crawler/gems/celluloid-0.15.2/lib/celluloid/calls.rb:25:in `public_send'
	/home/alex/.rvm/gems/ruby-2.0.0-p247@crawler/gems/celluloid-0.15.2/lib/celluloid/calls.rb:25:in `dispatch'
	/home/alex/.rvm/gems/ruby-2.0.0-p247@crawler/gems/celluloid-0.15.2/lib/celluloid/calls.rb:67:in `dispatch'
	/home/alex/.rvm/gems/ruby-2.0.0-p247@crawler/gems/celluloid-0.15.2/lib/celluloid/actor.rb:322:in `block in handle_message'
	/home/alex/.rvm/gems/ruby-2.0.0-p247@crawler/gems/celluloid-0.15.2/lib/celluloid/actor.rb:416:in `block in task'
	/home/alex/.rvm/gems/ruby-2.0.0-p247@crawler/gems/celluloid-0.15.2/lib/celluloid/tasks.rb:55:in `block in initialize'
	/home/alex/.rvm/gems/ruby-2.0.0-p247@crawler/gems/celluloid-0.15.2/lib/celluloid/tasks/task_fiber.rb:13:in `block in create'
D, [2014-02-24T01:29:30.175369 #4188] DEBUG -- : Celluloid::PoolManager: async call `push` aborted!
ThreadError: queue empty
	/home/alex/.rvm/rubies/ruby-2.0.0-p247/lib/ruby/2.0.0/thread.rb:192:in `block (2 levels) in pop'
	/home/alex/.rvm/rubies/ruby-2.0.0-p247/lib/ruby/2.0.0/thread.rb:188:in `synchronize'
	/home/alex/.rvm/rubies/ruby-2.0.0-p247/lib/ruby/2.0.0/thread.rb:188:in `block in pop'
	/home/alex/.rvm/rubies/ruby-2.0.0-p247/lib/ruby/2.0.0/thread.rb:187:in `handle_interrupt'
	/home/alex/.rvm/rubies/ruby-2.0.0-p247/lib/ruby/2.0.0/thread.rb:187:in `pop'
	/home/alex/Development/ruby/like/crawler/lib/crawler/api/requester.rb:53:in `do_retry'
	/home/alex/Development/ruby/like/crawler/lib/crawler/api/requester.rb:36:in `push'
	/home/alex/.rvm/gems/ruby-2.0.0-p247@crawler/gems/celluloid-0.15.2/lib/celluloid/calls.rb:25:in `public_send'
	/home/alex/.rvm/gems/ruby-2.0.0-p247@crawler/gems/celluloid-0.15.2/lib/celluloid/calls.rb:25:in `dispatch'
	/home/alex/.rvm/gems/ruby-2.0.0-p247@crawler/gems/celluloid-0.15.2/lib/celluloid/calls.rb:67:in `dispatch'
	/home/alex/.rvm/gems/ruby-2.0.0-p247@crawler/gems/celluloid-0.15.2/lib/celluloid/actor.rb:322:in `block in handle_message'
	/home/alex/.rvm/gems/ruby-2.0.0-p247@crawler/gems/celluloid-0.15.2/lib/celluloid/actor.rb:416:in `block in task'
	/home/alex/.rvm/gems/ruby-2.0.0-p247@crawler/gems/celluloid-0.15.2/lib/celluloid/tasks.rb:55:in `block in initialize'
	/home/alex/.rvm/gems/ruby-2.0.0-p247@crawler/gems/celluloid-0.15.2/lib/celluloid/tasks/task_fiber.rb:13:in `block in create'
	(celluloid):0:in `remote procedure call'
	/home/alex/.rvm/gems/ruby-2.0.0-p247@crawler/gems/celluloid-0.15.2/lib/celluloid/calls.rb:92:in `value'
	/home/alex/.rvm/gems/ruby-2.0.0-p247@crawler/gems/celluloid-0.15.2/lib/celluloid/proxies/sync_proxy.rb:33:in `method_missing'
	/home/alex/.rvm/gems/ruby-2.0.0-p247@crawler/gems/celluloid-0.15.2/lib/celluloid/proxies/actor_proxy.rb:20:in `_send_'
	/home/alex/.rvm/gems/ruby-2.0.0-p247@crawler/gems/celluloid-0.15.2/lib/celluloid/pool_manager.rb:41:in `_send_'
	/home/alex/.rvm/gems/ruby-2.0.0-p247@crawler/gems/celluloid-0.15.2/lib/celluloid/pool_manager.rb:123:in `method_missing'
	/home/alex/.rvm/gems/ruby-2.0.0-p247@crawler/gems/celluloid-0.15.2/lib/celluloid/calls.rb:25:in `public_send'
	/home/alex/.rvm/gems/ruby-2.0.0-p247@crawler/gems/celluloid-0.15.2/lib/celluloid/calls.rb:25:in `dispatch'
	/home/alex/.rvm/gems/ruby-2.0.0-p247@crawler/gems/celluloid-0.15.2/lib/celluloid/calls.rb:122:in `dispatch'
	/home/alex/.rvm/gems/ruby-2.0.0-p247@crawler/gems/celluloid-0.15.2/lib/celluloid/actor.rb:322:in `block in handle_message'
	/home/alex/.rvm/gems/ruby-2.0.0-p247@crawler/gems/celluloid-0.15.2/lib/celluloid/actor.rb:416:in `block in task'
	/home/alex/.rvm/gems/ruby-2.0.0-p247@crawler/gems/celluloid-0.15.2/lib/celluloid/tasks.rb:55:in `block in initialize'
	/home/alex/.rvm/gems/ruby-2.0.0-p247@crawler/gems/celluloid-0.15.2/lib/celluloid/tasks/task_fiber.rb:13:in `block in create'
E, [2014-02-24T01:31:39.075177 #4188] ERROR -- : Crawler::Api::Requester crashed!
ThreadError: queue empty
	/home/alex/.rvm/rubies/ruby-2.0.0-p247/lib/ruby/2.0.0/thread.rb:192:in `block (2 levels) in pop'
	/home/alex/.rvm/rubies/ruby-2.0.0-p247/lib/ruby/2.0.0/thread.rb:188:in `synchronize'
	/home/alex/.rvm/rubies/ruby-2.0.0-p247/lib/ruby/2.0.0/thread.rb:188:in `block in pop'
	/home/alex/.rvm/rubies/ruby-2.0.0-p247/lib/ruby/2.0.0/thread.rb:187:in `handle_interrupt'
	/home/alex/.rvm/rubies/ruby-2.0.0-p247/lib/ruby/2.0.0/thread.rb:187:in `pop'
	/home/alex/Development/ruby/like/crawler/lib/crawler/api/requester.rb:53:in `do_retry'
	/home/alex/Development/ruby/like/crawler/lib/crawler/api/requester.rb:36:in `push'
	/home/alex/.rvm/gems/ruby-2.0.0-p247@crawler/gems/celluloid-0.15.2/lib/celluloid/calls.rb:25:in `public_send'
	/home/alex/.rvm/gems/ruby-2.0.0-p247@crawler/gems/celluloid-0.15.2/lib/celluloid/calls.rb:25:in `dispatch'
	/home/alex/.rvm/gems/ruby-2.0.0-p247@crawler/gems/celluloid-0.15.2/lib/celluloid/calls.rb:67:in `dispatch'
	/home/alex/.rvm/gems/ruby-2.0.0-p247@crawler/gems/celluloid-0.15.2/lib/celluloid/actor.rb:322:in `block in handle_message'
	/home/alex/.rvm/gems/ruby-2.0.0-p247@crawler/gems/celluloid-0.15.2/lib/celluloid/actor.rb:416:in `block in task'
	/home/alex/.rvm/gems/ruby-2.0.0-p247@crawler/gems/celluloid-0.15.2/lib/celluloid/tasks.rb:55:in `block in initialize'
	/home/alex/.rvm/gems/ruby-2.0.0-p247@crawler/gems/celluloid-0.15.2/lib/celluloid/tasks/task_fiber.rb:13:in `block in create'
D, [2014-02-24T01:31:39.075423 #4188] DEBUG -- : Celluloid::PoolManager: async call `push` aborted!
ThreadError: queue empty
	/home/alex/.rvm/rubies/ruby-2.0.0-p247/lib/ruby/2.0.0/thread.rb:192:in `block (2 levels) in pop'
	/home/alex/.rvm/rubies/ruby-2.0.0-p247/lib/ruby/2.0.0/thread.rb:188:in `synchronize'
	/home/alex/.rvm/rubies/ruby-2.0.0-p247/lib/ruby/2.0.0/thread.rb:188:in `block in pop'
	/home/alex/.rvm/rubies/ruby-2.0.0-p247/lib/ruby/2.0.0/thread.rb:187:in `handle_interrupt'
	/home/alex/.rvm/rubies/ruby-2.0.0-p247/lib/ruby/2.0.0/thread.rb:187:in `pop'
	/home/alex/Development/ruby/like/crawler/lib/crawler/api/requester.rb:53:in `do_retry'
	/home/alex/Development/ruby/like/crawler/lib/crawler/api/requester.rb:36:in `push'
	/home/alex/.rvm/gems/ruby-2.0.0-p247@crawler/gems/celluloid-0.15.2/lib/celluloid/calls.rb:25:in `public_send'
	/home/alex/.rvm/gems/ruby-2.0.0-p247@crawler/gems/celluloid-0.15.2/lib/celluloid/calls.rb:25:in `dispatch'
	/home/alex/.rvm/gems/ruby-2.0.0-p247@crawler/gems/celluloid-0.15.2/lib/celluloid/calls.rb:67:in `dispatch'
	/home/alex/.rvm/gems/ruby-2.0.0-p247@crawler/gems/celluloid-0.15.2/lib/celluloid/actor.rb:322:in `block in handle_message'
	/home/alex/.rvm/gems/ruby-2.0.0-p247@crawler/gems/celluloid-0.15.2/lib/celluloid/actor.rb:416:in `block in task'
	/home/alex/.rvm/gems/ruby-2.0.0-p247@crawler/gems/celluloid-0.15.2/lib/celluloid/tasks.rb:55:in `block in initialize'
	/home/alex/.rvm/gems/ruby-2.0.0-p247@crawler/gems/celluloid-0.15.2/lib/celluloid/tasks/task_fiber.rb:13:in `block in create'
	(celluloid):0:in `remote procedure call'
	/home/alex/.rvm/gems/ruby-2.0.0-p247@crawler/gems/celluloid-0.15.2/lib/celluloid/calls.rb:92:in `value'
	/home/alex/.rvm/gems/ruby-2.0.0-p247@crawler/gems/celluloid-0.15.2/lib/celluloid/proxies/sync_proxy.rb:33:in `method_missing'
	/home/alex/.rvm/gems/ruby-2.0.0-p247@crawler/gems/celluloid-0.15.2/lib/celluloid/proxies/actor_proxy.rb:20:in `_send_'
	/home/alex/.rvm/gems/ruby-2.0.0-p247@crawler/gems/celluloid-0.15.2/lib/celluloid/pool_manager.rb:41:in `_send_'
	/home/alex/.rvm/gems/ruby-2.0.0-p247@crawler/gems/celluloid-0.15.2/lib/celluloid/pool_manager.rb:123:in `method_missing'
	/home/alex/.rvm/gems/ruby-2.0.0-p247@crawler/gems/celluloid-0.15.2/lib/celluloid/calls.rb:25:in `public_send'
	/home/alex/.rvm/gems/ruby-2.0.0-p247@crawler/gems/celluloid-0.15.2/lib/celluloid/calls.rb:25:in `dispatch'
	/home/alex/.rvm/gems/ruby-2.0.0-p247@crawler/gems/celluloid-0.15.2/lib/celluloid/calls.rb:122:in `dispatch'
	/home/alex/.rvm/gems/ruby-2.0.0-p247@crawler/gems/celluloid-0.15.2/lib/celluloid/actor.rb:322:in `block in handle_message'
	/home/alex/.rvm/gems/ruby-2.0.0-p247@crawler/gems/celluloid-0.15.2/lib/celluloid/actor.rb:416:in `block in task'
	/home/alex/.rvm/gems/ruby-2.0.0-p247@crawler/gems/celluloid-0.15.2/lib/celluloid/tasks.rb:55:in `block in initialize'
	/home/alex/.rvm/gems/ruby-2.0.0-p247@crawler/gems/celluloid-0.15.2/lib/celluloid/tasks/task_fiber.rb:13:in `block in create'
D, [2014-02-24T01:31:48.797592 #4188] DEBUG -- : Celluloid::PoolManager: async call `push` aborted!
ThreadError: queue empty
	/home/alex/.rvm/rubies/ruby-2.0.0-p247/lib/ruby/2.0.0/thread.rb:192:in `block (2 levels) in pop'
	/home/alex/.rvm/rubies/ruby-2.0.0-p247/lib/ruby/2.0.0/thread.rb:188:in `synchronize'
	/home/alex/.rvm/rubies/ruby-2.0.0-p247/lib/ruby/2.0.0/thread.rb:188:in `block in pop'
	/home/alex/.rvm/rubies/ruby-2.0.0-p247/lib/ruby/2.0.0/thread.rb:187:in `handle_interrupt'
	/home/alex/.rvm/rubies/ruby-2.0.0-p247/lib/ruby/2.0.0/thread.rb:187:in `pop'
	/home/alex/Development/ruby/like/crawler/lib/crawler/api/requester.rb:53:in `do_retry'
	/home/alex/Development/ruby/like/crawler/lib/crawler/api/requester.rb:36:in `push'
	/home/alex/.rvm/gems/ruby-2.0.0-p247@crawler/gems/celluloid-0.15.2/lib/celluloid/calls.rb:25:in `public_send'
	/home/alex/.rvm/gems/ruby-2.0.0-p247@crawler/gems/celluloid-0.15.2/lib/celluloid/calls.rb:25:in `dispatch'
	/home/alex/.rvm/gems/ruby-2.0.0-p247@crawler/gems/celluloid-0.15.2/lib/celluloid/calls.rb:67:in `dispatch'
	/home/alex/.rvm/gems/ruby-2.0.0-p247@crawler/gems/celluloid-0.15.2/lib/celluloid/actor.rb:322:in `block in handle_message'
	/home/alex/.rvm/gems/ruby-2.0.0-p247@crawler/gems/celluloid-0.15.2/lib/celluloid/actor.rb:416:in `block in task'
	/home/alex/.rvm/gems/ruby-2.0.0-p247@crawler/gems/celluloid-0.15.2/lib/celluloid/tasks.rb:55:in `block in initialize'
	/home/alex/.rvm/gems/ruby-2.0.0-p247@crawler/gems/celluloid-0.15.2/lib/celluloid/tasks/task_fiber.rb:13:in `block in create'
	(celluloid):0:in `remote procedure call'
	/home/alex/.rvm/gems/ruby-2.0.0-p247@crawler/gems/celluloid-0.15.2/lib/celluloid/calls.rb:92:in `value'
	/home/alex/.rvm/gems/ruby-2.0.0-p247@crawler/gems/celluloid-0.15.2/lib/celluloid/proxies/sync_proxy.rb:33:in `method_missing'
	/home/alex/.rvm/gems/ruby-2.0.0-p247@crawler/gems/celluloid-0.15.2/lib/celluloid/proxies/actor_proxy.rb:20:in `_send_'
	/home/alex/.rvm/gems/ruby-2.0.0-p247@crawler/gems/celluloid-0.15.2/lib/celluloid/pool_manager.rb:41:in `_send_'
	/home/alex/.rvm/gems/ruby-2.0.0-p247@crawler/gems/celluloid-0.15.2/lib/celluloid/pool_manager.rb:123:in `method_missing'
	/home/alex/.rvm/gems/ruby-2.0.0-p247@crawler/gems/celluloid-0.15.2/lib/celluloid/calls.rb:25:in `public_send'
	/home/alex/.rvm/gems/ruby-2.0.0-p247@crawler/gems/celluloid-0.15.2/lib/celluloid/calls.rb:25:in `dispatch'
	/home/alex/.rvm/gems/ruby-2.0.0-p247@crawler/gems/celluloid-0.15.2/lib/celluloid/calls.rb:122:in `dispatch'
	/home/alex/.rvm/gems/ruby-2.0.0-p247@crawler/gems/celluloid-0.15.2/lib/celluloid/actor.rb:322:in `block in handle_message'
	/home/alex/.rvm/gems/ruby-2.0.0-p247@crawler/gems/celluloid-0.15.2/lib/celluloid/actor.rb:416:in `block in task'
	/home/alex/.rvm/gems/ruby-2.0.0-p247@crawler/gems/celluloid-0.15.2/lib/celluloid/tasks.rb:55:in `block in initialize'
	/home/alex/.rvm/gems/ruby-2.0.0-p247@crawler/gems/celluloid-0.15.2/lib/celluloid/tasks/task_fiber.rb:13:in `block in create'
E, [2014-02-24T01:31:48.797746 #4188] ERROR -- : Crawler::Api::Requester crashed!
ThreadError: queue empty
	/home/alex/.rvm/rubies/ruby-2.0.0-p247/lib/ruby/2.0.0/thread.rb:192:in `block (2 levels) in pop'
	/home/alex/.rvm/rubies/ruby-2.0.0-p247/lib/ruby/2.0.0/thread.rb:188:in `synchronize'
	/home/alex/.rvm/rubies/ruby-2.0.0-p247/lib/ruby/2.0.0/thread.rb:188:in `block in pop'
	/home/alex/.rvm/rubies/ruby-2.0.0-p247/lib/ruby/2.0.0/thread.rb:187:in `handle_interrupt'
	/home/alex/.rvm/rubies/ruby-2.0.0-p247/lib/ruby/2.0.0/thread.rb:187:in `pop'
	/home/alex/Development/ruby/like/crawler/lib/crawler/api/requester.rb:53:in `do_retry'
	/home/alex/Development/ruby/like/crawler/lib/crawler/api/requester.rb:36:in `push'
	/home/alex/.rvm/gems/ruby-2.0.0-p247@crawler/gems/celluloid-0.15.2/lib/celluloid/calls.rb:25:in `public_send'
	/home/alex/.rvm/gems/ruby-2.0.0-p247@crawler/gems/celluloid-0.15.2/lib/celluloid/calls.rb:25:in `dispatch'
	/home/alex/.rvm/gems/ruby-2.0.0-p247@crawler/gems/celluloid-0.15.2/lib/celluloid/calls.rb:67:in `dispatch'
	/home/alex/.rvm/gems/ruby-2.0.0-p247@crawler/gems/celluloid-0.15.2/lib/celluloid/actor.rb:322:in `block in handle_message'
	/home/alex/.rvm/gems/ruby-2.0.0-p247@crawler/gems/celluloid-0.15.2/lib/celluloid/actor.rb:416:in `block in task'
	/home/alex/.rvm/gems/ruby-2.0.0-p247@crawler/gems/celluloid-0.15.2/lib/celluloid/tasks.rb:55:in `block in initialize'
	/home/alex/.rvm/gems/ruby-2.0.0-p247@crawler/gems/celluloid-0.15.2/lib/celluloid/tasks/task_fiber.rb:13:in `block in create'
	(celluloid):0:in `remote procedure call'
	/home/alex/.rvm/gems/ruby-2.0.0-p247@crawler/gems/celluloid-0.15.2/lib/celluloid/calls.rb:92:in `value'
	/home/alex/.rvm/gems/ruby-2.0.0-p247@crawler/gems/celluloid-0.15.2/lib/celluloid/proxies/sync_proxy.rb:33:in `method_missing'
	/home/alex/.rvm/gems/ruby-2.0.0-p247@crawler/gems/celluloid-0.15.2/lib/celluloid/proxies/actor_proxy.rb:20:in `_send_'
	/home/alex/.rvm/gems/ruby-2.0.0-p247@crawler/gems/celluloid-0.15.2/lib/celluloid/pool_manager.rb:41:in `_send_'
	/home/alex/.rvm/gems/ruby-2.0.0-p247@crawler/gems/celluloid-0.15.2/lib/celluloid/pool_manager.rb:123:in `method_missing'
	/home/alex/.rvm/gems/ruby-2.0.0-p247@crawler/gems/celluloid-0.15.2/lib/celluloid/calls.rb:25:in `public_send'
	/home/alex/.rvm/gems/ruby-2.0.0-p247@crawler/gems/celluloid-0.15.2/lib/celluloid/calls.rb:25:in `dispatch'
	/home/alex/.rvm/gems/ruby-2.0.0-p247@crawler/gems/celluloid-0.15.2/lib/celluloid/calls.rb:122:in `dispatch'
	/home/alex/.rvm/gems/ruby-2.0.0-p247@crawler/gems/celluloid-0.15.2/lib/celluloid/actor.rb:322:in `block in handle_message'
	/home/alex/.rvm/gems/ruby-2.0.0-p247@crawler/gems/celluloid-0.15.2/lib/celluloid/actor.rb:416:in `block in task'
	/home/alex/.rvm/gems/ruby-2.0.0-p247@crawler/gems/celluloid-0.15.2/lib/celluloid/tasks.rb:55:in `block in initialize'
	/home/alex/.rvm/gems/ruby-2.0.0-p247@crawler/gems/celluloid-0.15.2/lib/celluloid/tasks/task_fiber.rb:13:in `block in create'
D, [2014-02-24T01:31:59.965674 #4188] DEBUG -- : Terminating 109 actors...
W, [2014-02-24T01:31:59.970026 #4188]  WARN -- : Terminating task: type=:finalizer, meta={:method_name=>:__shutdown__}, status=:callwait
W, [2014-02-24T01:32:00.021416 #4188]  WARN -- : Terminating task: type=:finalizer, meta={:method_name=>:__shutdown__}, status=:callwait
W, [2014-02-24T01:32:00.022877 #4188]  WARN -- : Terminating task: type=:call, meta={:method_name=>:start}, status=:iowait
W, [2014-02-24T01:32:00.023236 #4188]  WARN -- : Terminating task: type=:call, meta={:method_name=>:start}, status=:callwait
W, [2014-02-24T01:32:00.024301 #4188]  WARN -- : Terminating task: type=:call, meta={:method_name=>:wait}, status=:condwait
E, [2014-02-24T01:32:09.964898 #4188] ERROR -- : Couldn't cleanly terminate all actors in 10 seconds!
