vk_api_daemon: process with pid 11059 started.
D, [2014-01-11T01:22:38.478442 #11059] DEBUG -- : Terminating 74 actors...
W, [2014-01-11T01:22:38.506218 #11059]  WARN -- : Terminating task: type=:call, meta={:method_name=>:push}, status=:callwait
D, [2014-01-11T01:22:38.507334 #11059] DEBUG -- : Celluloid::PoolManager: async call `push` aborted!
Celluloid::Task::TerminatedError: task was terminated
	/home/alex/.rvm/gems/ruby-2.0.0-p247@crawler/gems/celluloid-0.15.2/lib/celluloid/tasks/task_fiber.rb:32:in `terminate'
	/home/alex/.rvm/gems/ruby-2.0.0-p247@crawler/gems/celluloid-0.15.2/lib/celluloid/actor.rb:404:in `block in cleanup'
	/home/alex/.rvm/gems/ruby-2.0.0-p247@crawler/gems/celluloid-0.15.2/lib/celluloid/actor.rb:404:in `each'
	/home/alex/.rvm/gems/ruby-2.0.0-p247@crawler/gems/celluloid-0.15.2/lib/celluloid/actor.rb:404:in `cleanup'
	/home/alex/.rvm/gems/ruby-2.0.0-p247@crawler/gems/celluloid-0.15.2/lib/celluloid/actor.rb:375:in `shutdown'
	/home/alex/.rvm/gems/ruby-2.0.0-p247@crawler/gems/celluloid-0.15.2/lib/celluloid/actor.rb:185:in `run'
	/home/alex/.rvm/gems/ruby-2.0.0-p247@crawler/gems/celluloid-0.15.2/lib/celluloid/actor.rb:157:in `block in initialize'
	/home/alex/.rvm/gems/ruby-2.0.0-p247@crawler/gems/celluloid-0.15.2/lib/celluloid/thread_handle.rb:13:in `block in initialize'
	/home/alex/.rvm/gems/ruby-2.0.0-p247@crawler/gems/celluloid-0.15.2/lib/celluloid/internal_pool.rb:100:in `call'
	/home/alex/.rvm/gems/ruby-2.0.0-p247@crawler/gems/celluloid-0.15.2/lib/celluloid/internal_pool.rb:100:in `block in create'
W, [2014-01-11T01:22:38.507817 #11059]  WARN -- : Terminating task: type=:finalizer, meta={:method_name=>:__shutdown__}, status=:callwait
W, [2014-01-11T01:22:38.526812 #11059]  WARN -- : Terminating task: type=:finalizer, meta={:method_name=>:__shutdown__}, status=:callwait
E, [2014-01-11T01:22:48.478599 #11059] ERROR -- : Couldn't cleanly terminate all actors in 10 seconds!
vk_api_daemon: process with pid 11251 started.
E, [2014-01-11T01:35:14.265661 #11251] ERROR -- : Api::Manager crashed!
NoMethodError: undefined method `min_by' for nil:NilClass
	/home/alex/Development/like/crawler/lib/api/manager.rb:42:in `pick_token'
	/home/alex/Development/like/crawler/lib/api/manager.rb:30:in `block in start'
	/home/alex/Development/like/crawler/lib/api/manager.rb:28:in `loop'
	/home/alex/Development/like/crawler/lib/api/manager.rb:28:in `start'
	/home/alex/.rvm/gems/ruby-2.0.0-p247@crawler/gems/celluloid-0.15.2/lib/celluloid/calls.rb:25:in `public_send'
	/home/alex/.rvm/gems/ruby-2.0.0-p247@crawler/gems/celluloid-0.15.2/lib/celluloid/calls.rb:25:in `dispatch'
	/home/alex/.rvm/gems/ruby-2.0.0-p247@crawler/gems/celluloid-0.15.2/lib/celluloid/calls.rb:122:in `dispatch'
	/home/alex/.rvm/gems/ruby-2.0.0-p247@crawler/gems/celluloid-0.15.2/lib/celluloid/actor.rb:322:in `block in handle_message'
	/home/alex/.rvm/gems/ruby-2.0.0-p247@crawler/gems/celluloid-0.15.2/lib/celluloid/actor.rb:416:in `block in task'
	/home/alex/.rvm/gems/ruby-2.0.0-p247@crawler/gems/celluloid-0.15.2/lib/celluloid/tasks.rb:55:in `block in initialize'
	/home/alex/.rvm/gems/ruby-2.0.0-p247@crawler/gems/celluloid-0.15.2/lib/celluloid/tasks/task_fiber.rb:13:in `block in create'
D, [2014-01-11T01:37:18.890208 #11251] DEBUG -- : Terminating 73 actors...
W, [2014-01-11T01:37:18.910799 #11251]  WARN -- : Terminating task: type=:finalizer, meta={:method_name=>:__shutdown__}, status=:callwait
W, [2014-01-11T01:37:18.927445 #11251]  WARN -- : Terminating task: type=:finalizer, meta={:method_name=>:__shutdown__}, status=:callwait
E, [2014-01-11T01:37:28.890486 #11251] ERROR -- : Couldn't cleanly terminate all actors in 10 seconds!
vk_api_daemon: process with pid 11405 started.
#<struct Api::Manager::Token value="553f38457fa81dc96a5df004a40a3c744ca311789be1fefcc727463fce05db40ffe6b808a368e13ef9d7f", expires=1970-01-01 03:00:01 +0300, id="1\n", last_access=2014-01-11 01:37:30 +0400>
#<struct Api::Manager::Token value="140090ef0f619f7e7ff0104bd531a817e1bc354a6d36eaa4e6d32138fdafd892741da7714b9e80a4d062e", expires=1970-01-01 03:00:01 +0300, id="2\n", last_access=2014-01-11 01:37:30 +0400>
E, [2014-01-11T01:37:32.253761 #11405] ERROR -- : Api::Manager crashed!
NoMethodError: undefined method `min_by' for nil:NilClass
	/home/alex/Development/like/crawler/lib/api/manager.rb:42:in `pick_token'
	/home/alex/Development/like/crawler/lib/api/manager.rb:30:in `block in start'
	/home/alex/Development/like/crawler/lib/api/manager.rb:28:in `loop'
	/home/alex/Development/like/crawler/lib/api/manager.rb:28:in `start'
	/home/alex/.rvm/gems/ruby-2.0.0-p247@crawler/gems/celluloid-0.15.2/lib/celluloid/calls.rb:25:in `public_send'
	/home/alex/.rvm/gems/ruby-2.0.0-p247@crawler/gems/celluloid-0.15.2/lib/celluloid/calls.rb:25:in `dispatch'
	/home/alex/.rvm/gems/ruby-2.0.0-p247@crawler/gems/celluloid-0.15.2/lib/celluloid/calls.rb:122:in `dispatch'
	/home/alex/.rvm/gems/ruby-2.0.0-p247@crawler/gems/celluloid-0.15.2/lib/celluloid/actor.rb:322:in `block in handle_message'
	/home/alex/.rvm/gems/ruby-2.0.0-p247@crawler/gems/celluloid-0.15.2/lib/celluloid/actor.rb:416:in `block in task'
	/home/alex/.rvm/gems/ruby-2.0.0-p247@crawler/gems/celluloid-0.15.2/lib/celluloid/tasks.rb:55:in `block in initialize'
	/home/alex/.rvm/gems/ruby-2.0.0-p247@crawler/gems/celluloid-0.15.2/lib/celluloid/tasks/task_fiber.rb:13:in `block in create'
D, [2014-01-11T01:39:20.261023 #11405] DEBUG -- : Terminating 73 actors...
W, [2014-01-11T01:39:20.285141 #11405]  WARN -- : Terminating task: type=:finalizer, meta={:method_name=>:__shutdown__}, status=:callwait
W, [2014-01-11T01:39:20.303051 #11405]  WARN -- : Terminating task: type=:finalizer, meta={:method_name=>:__shutdown__}, status=:callwait
E, [2014-01-11T01:39:30.261315 #11405] ERROR -- : Couldn't cleanly terminate all actors in 10 seconds!
vk_api_daemon: process with pid 11531 started.
#<struct Api::Manager::Token value="553f38457fa81dc96a5df004a40a3c744ca311789be1fefcc727463fce05db40ffe6b808a368e13ef9d7f", expires=1970-01-01 03:00:01 +0300, id="1\n", last_access=2014-01-11 01:39:31 +0400>
#<struct Api::Manager::Token value="140090ef0f619f7e7ff0104bd531a817e1bc354a6d36eaa4e6d32138fdafd892741da7714b9e80a4d062e", expires=1970-01-01 03:00:01 +0300, id="2\n", last_access=2014-01-11 01:39:31 +0400>
here
E, [2014-01-11T01:39:33.652743 #11531] ERROR -- : Api::Manager crashed!
NoMethodError: undefined method `min_by' for nil:NilClass
	/home/alex/Development/like/crawler/lib/api/manager.rb:43:in `pick_token'
	/home/alex/Development/like/crawler/lib/api/manager.rb:31:in `block in start'
	/home/alex/Development/like/crawler/lib/api/manager.rb:29:in `loop'
	/home/alex/Development/like/crawler/lib/api/manager.rb:29:in `start'
	/home/alex/.rvm/gems/ruby-2.0.0-p247@crawler/gems/celluloid-0.15.2/lib/celluloid/calls.rb:25:in `public_send'
	/home/alex/.rvm/gems/ruby-2.0.0-p247@crawler/gems/celluloid-0.15.2/lib/celluloid/calls.rb:25:in `dispatch'
	/home/alex/.rvm/gems/ruby-2.0.0-p247@crawler/gems/celluloid-0.15.2/lib/celluloid/calls.rb:122:in `dispatch'
	/home/alex/.rvm/gems/ruby-2.0.0-p247@crawler/gems/celluloid-0.15.2/lib/celluloid/actor.rb:322:in `block in handle_message'
	/home/alex/.rvm/gems/ruby-2.0.0-p247@crawler/gems/celluloid-0.15.2/lib/celluloid/actor.rb:416:in `block in task'
	/home/alex/.rvm/gems/ruby-2.0.0-p247@crawler/gems/celluloid-0.15.2/lib/celluloid/tasks.rb:55:in `block in initialize'
	/home/alex/.rvm/gems/ruby-2.0.0-p247@crawler/gems/celluloid-0.15.2/lib/celluloid/tasks/task_fiber.rb:13:in `block in create'
D, [2014-01-11T01:40:16.981890 #11531] DEBUG -- : Terminating 73 actors...
W, [2014-01-11T01:40:16.991779 #11531]  WARN -- : Terminating task: type=:call, meta={:method_name=>:push}, status=:callwait
D, [2014-01-11T01:40:16.993003 #11531] DEBUG -- : Celluloid::PoolManager: async call `push` aborted!
Celluloid::Task::TerminatedError: task was terminated
	/home/alex/.rvm/gems/ruby-2.0.0-p247@crawler/gems/celluloid-0.15.2/lib/celluloid/tasks/task_fiber.rb:32:in `terminate'
	/home/alex/.rvm/gems/ruby-2.0.0-p247@crawler/gems/celluloid-0.15.2/lib/celluloid/actor.rb:404:in `block in cleanup'
	/home/alex/.rvm/gems/ruby-2.0.0-p247@crawler/gems/celluloid-0.15.2/lib/celluloid/actor.rb:404:in `each'
	/home/alex/.rvm/gems/ruby-2.0.0-p247@crawler/gems/celluloid-0.15.2/lib/celluloid/actor.rb:404:in `cleanup'
	/home/alex/.rvm/gems/ruby-2.0.0-p247@crawler/gems/celluloid-0.15.2/lib/celluloid/actor.rb:375:in `shutdown'
	/home/alex/.rvm/gems/ruby-2.0.0-p247@crawler/gems/celluloid-0.15.2/lib/celluloid/actor.rb:185:in `run'
	/home/alex/.rvm/gems/ruby-2.0.0-p247@crawler/gems/celluloid-0.15.2/lib/celluloid/actor.rb:157:in `block in initialize'
	/home/alex/.rvm/gems/ruby-2.0.0-p247@crawler/gems/celluloid-0.15.2/lib/celluloid/thread_handle.rb:13:in `block in initialize'
	/home/alex/.rvm/gems/ruby-2.0.0-p247@crawler/gems/celluloid-0.15.2/lib/celluloid/internal_pool.rb:100:in `call'
	/home/alex/.rvm/gems/ruby-2.0.0-p247@crawler/gems/celluloid-0.15.2/lib/celluloid/internal_pool.rb:100:in `block in create'
W, [2014-01-11T01:40:16.993814 #11531]  WARN -- : Terminating task: type=:finalizer, meta={:method_name=>:__shutdown__}, status=:callwait
W, [2014-01-11T01:40:17.012072 #11531]  WARN -- : Terminating task: type=:finalizer, meta={:method_name=>:__shutdown__}, status=:callwait
E, [2014-01-11T01:40:26.982010 #11531] ERROR -- : Couldn't cleanly terminate all actors in 10 seconds!
vk_api_daemon: process with pid 12008 started.
E, [2014-01-11T01:43:32.054250 #12008] ERROR -- : Api::Listener crashed!
Errno::EADDRINUSE: Address already in use - bind(2)
	/home/alex/Development/like/crawler/lib/api/listener.rb:15:in `initialize'
	/home/alex/Development/like/crawler/lib/api/listener.rb:15:in `new'
	/home/alex/Development/like/crawler/lib/api/listener.rb:15:in `start'
	/home/alex/.rvm/gems/ruby-2.0.0-p247@crawler/gems/celluloid-0.15.2/lib/celluloid/calls.rb:25:in `public_send'
	/home/alex/.rvm/gems/ruby-2.0.0-p247@crawler/gems/celluloid-0.15.2/lib/celluloid/calls.rb:25:in `dispatch'
	/home/alex/.rvm/gems/ruby-2.0.0-p247@crawler/gems/celluloid-0.15.2/lib/celluloid/calls.rb:122:in `dispatch'
	/home/alex/.rvm/gems/ruby-2.0.0-p247@crawler/gems/celluloid-0.15.2/lib/celluloid/actor.rb:322:in `block in handle_message'
	/home/alex/.rvm/gems/ruby-2.0.0-p247@crawler/gems/celluloid-0.15.2/lib/celluloid/actor.rb:416:in `block in task'
	/home/alex/.rvm/gems/ruby-2.0.0-p247@crawler/gems/celluloid-0.15.2/lib/celluloid/tasks.rb:55:in `block in initialize'
	/home/alex/.rvm/gems/ruby-2.0.0-p247@crawler/gems/celluloid-0.15.2/lib/celluloid/tasks/task_fiber.rb:13:in `block in create'
fsfsfdsfsdf:[#<struct Api::Manager::Token value="553f38457fa81dc96a5df004a40a3c744ca311789be1fefcc727463fce05db40ffe6b808a368e13ef9d7f", expires=1970-01-01 03:00:01 +0300, id="1\n", last_access=2014-01-11 01:43:32 +0400>, #<struct Api::Manager::Token value="140090ef0f619f7e7ff0104bd531a817e1bc354a6d36eaa4e6d32138fdafd892741da7714b9e80a4d062e", expires=1970-01-01 03:00:01 +0300, id="2\n", last_access=2014-01-11 01:43:32 +0400>]
here
D, [2014-01-11T01:44:05.653570 #12008] DEBUG -- : Terminating 73 actors...
W, [2014-01-11T01:44:05.663205 #12008]  WARN -- : Terminating task: type=:finalizer, meta={:method_name=>:__shutdown__}, status=:callwait
W, [2014-01-11T01:44:05.680073 #12008]  WARN -- : Terminating task: type=:finalizer, meta={:method_name=>:__shutdown__}, status=:callwait
E, [2014-01-11T01:44:15.653783 #12008] ERROR -- : Couldn't cleanly terminate all actors in 10 seconds!
vk_api_daemon: process with pid 10298 started.
D, [2014-01-12T23:54:50.492659 #10298] DEBUG -- : Terminating 74 actors...
W, [2014-01-12T23:54:50.502145 #10298]  WARN -- : Terminating task: type=:call, meta={:method_name=>:push}, status=:callwait
D, [2014-01-12T23:54:50.522343 #10298] DEBUG -- : Celluloid::PoolManager: async call `push` aborted!
Celluloid::Task::TerminatedError: task was terminated
	/home/alex/.rvm/gems/ruby-2.0.0-p247@crawler/gems/celluloid-0.15.2/lib/celluloid/tasks/task_fiber.rb:32:in `terminate'
	/home/alex/.rvm/gems/ruby-2.0.0-p247@crawler/gems/celluloid-0.15.2/lib/celluloid/actor.rb:404:in `block in cleanup'
	/home/alex/.rvm/gems/ruby-2.0.0-p247@crawler/gems/celluloid-0.15.2/lib/celluloid/actor.rb:404:in `each'
	/home/alex/.rvm/gems/ruby-2.0.0-p247@crawler/gems/celluloid-0.15.2/lib/celluloid/actor.rb:404:in `cleanup'
	/home/alex/.rvm/gems/ruby-2.0.0-p247@crawler/gems/celluloid-0.15.2/lib/celluloid/actor.rb:375:in `shutdown'
	/home/alex/.rvm/gems/ruby-2.0.0-p247@crawler/gems/celluloid-0.15.2/lib/celluloid/actor.rb:185:in `run'
	/home/alex/.rvm/gems/ruby-2.0.0-p247@crawler/gems/celluloid-0.15.2/lib/celluloid/actor.rb:157:in `block in initialize'
	/home/alex/.rvm/gems/ruby-2.0.0-p247@crawler/gems/celluloid-0.15.2/lib/celluloid/thread_handle.rb:13:in `block in initialize'
	/home/alex/.rvm/gems/ruby-2.0.0-p247@crawler/gems/celluloid-0.15.2/lib/celluloid/internal_pool.rb:100:in `call'
	/home/alex/.rvm/gems/ruby-2.0.0-p247@crawler/gems/celluloid-0.15.2/lib/celluloid/internal_pool.rb:100:in `block in create'
W, [2014-01-12T23:54:50.523978 #10298]  WARN -- : Terminating task: type=:finalizer, meta={:method_name=>:__shutdown__}, status=:callwait
W, [2014-01-12T23:54:50.541981 #10298]  WARN -- : Terminating task: type=:finalizer, meta={:method_name=>:__shutdown__}, status=:callwait
E, [2014-01-12T23:55:00.493064 #10298] ERROR -- : Couldn't cleanly terminate all actors in 10 seconds!
vk_api_daemon: process with pid 10427 started.
D, [2014-01-12T23:56:23.813770 #10427] DEBUG -- : Terminating 74 actors...
W, [2014-01-12T23:56:23.823612 #10427]  WARN -- : Terminating task: type=:call, meta={:method_name=>:push}, status=:callwait
D, [2014-01-12T23:56:23.826609 #10427] DEBUG -- : Celluloid::PoolManager: async call `push` aborted!
Celluloid::Task::TerminatedError: task was terminated
	/home/alex/.rvm/gems/ruby-2.0.0-p247@crawler/gems/celluloid-0.15.2/lib/celluloid/tasks/task_fiber.rb:32:in `terminate'
	/home/alex/.rvm/gems/ruby-2.0.0-p247@crawler/gems/celluloid-0.15.2/lib/celluloid/actor.rb:404:in `block in cleanup'
	/home/alex/.rvm/gems/ruby-2.0.0-p247@crawler/gems/celluloid-0.15.2/lib/celluloid/actor.rb:404:in `each'
	/home/alex/.rvm/gems/ruby-2.0.0-p247@crawler/gems/celluloid-0.15.2/lib/celluloid/actor.rb:404:in `cleanup'
	/home/alex/.rvm/gems/ruby-2.0.0-p247@crawler/gems/celluloid-0.15.2/lib/celluloid/actor.rb:375:in `shutdown'
	/home/alex/.rvm/gems/ruby-2.0.0-p247@crawler/gems/celluloid-0.15.2/lib/celluloid/actor.rb:185:in `run'
	/home/alex/.rvm/gems/ruby-2.0.0-p247@crawler/gems/celluloid-0.15.2/lib/celluloid/actor.rb:157:in `block in initialize'
	/home/alex/.rvm/gems/ruby-2.0.0-p247@crawler/gems/celluloid-0.15.2/lib/celluloid/thread_handle.rb:13:in `block in initialize'
	/home/alex/.rvm/gems/ruby-2.0.0-p247@crawler/gems/celluloid-0.15.2/lib/celluloid/internal_pool.rb:100:in `call'
	/home/alex/.rvm/gems/ruby-2.0.0-p247@crawler/gems/celluloid-0.15.2/lib/celluloid/internal_pool.rb:100:in `block in create'
W, [2014-01-12T23:56:23.841676 #10427]  WARN -- : Terminating task: type=:finalizer, meta={:method_name=>:__shutdown__}, status=:callwait
W, [2014-01-12T23:56:23.858157 #10427]  WARN -- : Terminating task: type=:finalizer, meta={:method_name=>:__shutdown__}, status=:callwait
E, [2014-01-12T23:56:33.813926 #10427] ERROR -- : Couldn't cleanly terminate all actors in 10 seconds!
vk_api_daemon: process with pid 10603 started.
D, [2014-01-13T00:10:17.633496 #10603] DEBUG -- : Terminating 74 actors...
W, [2014-01-13T00:10:17.642514 #10603]  WARN -- : Terminating task: type=:call, meta={:method_name=>:push}, status=:callwait
D, [2014-01-13T00:10:17.643365 #10603] DEBUG -- : Celluloid::PoolManager: async call `push` aborted!
Celluloid::Task::TerminatedError: task was terminated
	/home/alex/.rvm/gems/ruby-2.0.0-p247@crawler/gems/celluloid-0.15.2/lib/celluloid/tasks/task_fiber.rb:32:in `terminate'
	/home/alex/.rvm/gems/ruby-2.0.0-p247@crawler/gems/celluloid-0.15.2/lib/celluloid/actor.rb:404:in `block in cleanup'
	/home/alex/.rvm/gems/ruby-2.0.0-p247@crawler/gems/celluloid-0.15.2/lib/celluloid/actor.rb:404:in `each'
	/home/alex/.rvm/gems/ruby-2.0.0-p247@crawler/gems/celluloid-0.15.2/lib/celluloid/actor.rb:404:in `cleanup'
	/home/alex/.rvm/gems/ruby-2.0.0-p247@crawler/gems/celluloid-0.15.2/lib/celluloid/actor.rb:375:in `shutdown'
	/home/alex/.rvm/gems/ruby-2.0.0-p247@crawler/gems/celluloid-0.15.2/lib/celluloid/actor.rb:185:in `run'
	/home/alex/.rvm/gems/ruby-2.0.0-p247@crawler/gems/celluloid-0.15.2/lib/celluloid/actor.rb:157:in `block in initialize'
	/home/alex/.rvm/gems/ruby-2.0.0-p247@crawler/gems/celluloid-0.15.2/lib/celluloid/thread_handle.rb:13:in `block in initialize'
	/home/alex/.rvm/gems/ruby-2.0.0-p247@crawler/gems/celluloid-0.15.2/lib/celluloid/internal_pool.rb:100:in `call'
	/home/alex/.rvm/gems/ruby-2.0.0-p247@crawler/gems/celluloid-0.15.2/lib/celluloid/internal_pool.rb:100:in `block in create'
W, [2014-01-13T00:10:17.644156 #10603]  WARN -- : Terminating task: type=:finalizer, meta={:method_name=>:__shutdown__}, status=:callwait
W, [2014-01-13T00:10:17.681976 #10603]  WARN -- : Terminating task: type=:finalizer, meta={:method_name=>:__shutdown__}, status=:callwait
E, [2014-01-13T00:10:27.633662 #10603] ERROR -- : Couldn't cleanly terminate all actors in 10 seconds!
vk_api_daemon: process with pid 10914 started.
D, [2014-01-13T00:14:55.426437 #10914] DEBUG -- : Terminating 74 actors...
W, [2014-01-13T00:14:55.435416 #10914]  WARN -- : Terminating task: type=:call, meta={:method_name=>:push}, status=:callwait
D, [2014-01-13T00:14:55.436999 #10914] DEBUG -- : Celluloid::PoolManager: async call `push` aborted!
Celluloid::Task::TerminatedError: task was terminated
	/home/alex/.rvm/gems/ruby-2.0.0-p247@crawler/gems/celluloid-0.15.2/lib/celluloid/tasks/task_fiber.rb:32:in `terminate'
	/home/alex/.rvm/gems/ruby-2.0.0-p247@crawler/gems/celluloid-0.15.2/lib/celluloid/actor.rb:404:in `block in cleanup'
	/home/alex/.rvm/gems/ruby-2.0.0-p247@crawler/gems/celluloid-0.15.2/lib/celluloid/actor.rb:404:in `each'
	/home/alex/.rvm/gems/ruby-2.0.0-p247@crawler/gems/celluloid-0.15.2/lib/celluloid/actor.rb:404:in `cleanup'
	/home/alex/.rvm/gems/ruby-2.0.0-p247@crawler/gems/celluloid-0.15.2/lib/celluloid/actor.rb:375:in `shutdown'
	/home/alex/.rvm/gems/ruby-2.0.0-p247@crawler/gems/celluloid-0.15.2/lib/celluloid/actor.rb:185:in `run'
	/home/alex/.rvm/gems/ruby-2.0.0-p247@crawler/gems/celluloid-0.15.2/lib/celluloid/actor.rb:157:in `block in initialize'
	/home/alex/.rvm/gems/ruby-2.0.0-p247@crawler/gems/celluloid-0.15.2/lib/celluloid/thread_handle.rb:13:in `block in initialize'
	/home/alex/.rvm/gems/ruby-2.0.0-p247@crawler/gems/celluloid-0.15.2/lib/celluloid/internal_pool.rb:100:in `call'
	/home/alex/.rvm/gems/ruby-2.0.0-p247@crawler/gems/celluloid-0.15.2/lib/celluloid/internal_pool.rb:100:in `block in create'
W, [2014-01-13T00:14:55.437820 #10914]  WARN -- : Terminating task: type=:finalizer, meta={:method_name=>:__shutdown__}, status=:callwait
W, [2014-01-13T00:14:55.473016 #10914]  WARN -- : Terminating task: type=:finalizer, meta={:method_name=>:__shutdown__}, status=:callwait
E, [2014-01-13T00:15:05.426137 #10914] ERROR -- : Couldn't cleanly terminate all actors in 10 seconds!
vk_api_daemon: process with pid 12330 started.
D, [2014-01-13T01:30:34.470628 #12330] DEBUG -- : Terminating 74 actors...
W, [2014-01-13T01:30:34.479526 #12330]  WARN -- : Terminating task: type=:call, meta={:method_name=>:push}, status=:callwait
D, [2014-01-13T01:30:34.480665 #12330] DEBUG -- : Celluloid::PoolManager: async call `push` aborted!
Celluloid::Task::TerminatedError: task was terminated
	/home/alex/.rvm/gems/ruby-2.0.0-p247@crawler/gems/celluloid-0.15.2/lib/celluloid/tasks/task_fiber.rb:32:in `terminate'
	/home/alex/.rvm/gems/ruby-2.0.0-p247@crawler/gems/celluloid-0.15.2/lib/celluloid/actor.rb:404:in `block in cleanup'
	/home/alex/.rvm/gems/ruby-2.0.0-p247@crawler/gems/celluloid-0.15.2/lib/celluloid/actor.rb:404:in `each'
	/home/alex/.rvm/gems/ruby-2.0.0-p247@crawler/gems/celluloid-0.15.2/lib/celluloid/actor.rb:404:in `cleanup'
	/home/alex/.rvm/gems/ruby-2.0.0-p247@crawler/gems/celluloid-0.15.2/lib/celluloid/actor.rb:375:in `shutdown'
	/home/alex/.rvm/gems/ruby-2.0.0-p247@crawler/gems/celluloid-0.15.2/lib/celluloid/actor.rb:185:in `run'
	/home/alex/.rvm/gems/ruby-2.0.0-p247@crawler/gems/celluloid-0.15.2/lib/celluloid/actor.rb:157:in `block in initialize'
	/home/alex/.rvm/gems/ruby-2.0.0-p247@crawler/gems/celluloid-0.15.2/lib/celluloid/thread_handle.rb:13:in `block in initialize'
	/home/alex/.rvm/gems/ruby-2.0.0-p247@crawler/gems/celluloid-0.15.2/lib/celluloid/internal_pool.rb:100:in `call'
	/home/alex/.rvm/gems/ruby-2.0.0-p247@crawler/gems/celluloid-0.15.2/lib/celluloid/internal_pool.rb:100:in `block in create'
W, [2014-01-13T01:30:34.481871 #12330]  WARN -- : Terminating task: type=:finalizer, meta={:method_name=>:__shutdown__}, status=:callwait
W, [2014-01-13T01:30:34.519935 #12330]  WARN -- : Terminating task: type=:finalizer, meta={:method_name=>:__shutdown__}, status=:callwait
E, [2014-01-13T01:30:44.470728 #12330] ERROR -- : Couldn't cleanly terminate all actors in 10 seconds!
vk_api_daemon: process with pid 26220 started.
vk_api_daemon: process with pid 26677 started.
vk_api_daemon: process with pid 26777 started.
vk_api_daemon: process with pid 27169 started.
vk_api_daemon: process with pid 27333 started.
vk_api_daemon: process with pid 27501 started.
vk_api_daemon: process with pid 27646 started.
vk_api_daemon: process with pid 27791 started.
vk_api_daemon: process with pid 28078 started.
vk_api_daemon: process with pid 28304 started.
vk_api_daemon: process with pid 28660 started.
vk_api_daemon: process with pid 8998 started.
vk_api_daemon: process with pid 9233 started.
vk_api_daemon: process with pid 9402 started.
vk_api_daemon: process with pid 10799 started.
vk_api_daemon: process with pid 10965 started.
vk_api_daemon: process with pid 11068 started.
vk_api_daemon: process with pid 11202 started.
vk_api_daemon: process with pid 11322 started.
vk_api_daemon: process with pid 11523 started.
vk_api_daemon: process with pid 11629 started.
vk_api_daemon: process with pid 11763 started.
vk_api_daemon: process with pid 11877 started.
vk_api_daemon: process with pid 12209 started.
vk_api_daemon: process with pid 12712 started.
vk_api_daemon: process with pid 12833 started.
vk_api_daemon: process with pid 13187 started.
vk_api_daemon: process with pid 26465 started.
vk_api_daemon: process with pid 9647 started.
vk_api_daemon: process with pid 9773 started.
vk_api_daemon: process with pid 10361 started.
vk_api_daemon: process with pid 10487 started.
vk_api_daemon: process with pid 10627 started.
vk_api_daemon: process with pid 10917 started.
vk_api_daemon: process with pid 11098 started.
vk_api_daemon: process with pid 11310 started.
vk_api_daemon: process with pid 11438 started.
vk_api_daemon: process with pid 11553 started.
vk_api_daemon: process with pid 12038 started.
vk_api_daemon: process with pid 12158 started.
vk_api_daemon: process with pid 12514 started.
vk_api_daemon: process with pid 12751 started.
vk_api_daemon: process with pid 13359 started.
vk_api_daemon: process with pid 13479 started.
vk_api_daemon: process with pid 15689 started.
vk_api_daemon: process with pid 15845 started.
vk_api_daemon: process with pid 16121 started.
vk_api_daemon: process with pid 16257 started.
vk_api_daemon: process with pid 22956 started.
vk_api_daemon: process with pid 4678 started.
vk_api_daemon: process with pid 7686 started.
vk_api_daemon: process with pid 7798 started.
vk_api_daemon: process with pid 7931 started.
vk_api_daemon: process with pid 8048 started.
vk_api_daemon: process with pid 8179 started.
vk_api_daemon: process with pid 8294 started.
vk_api_daemon: process with pid 8405 started.
vk_api_daemon: process with pid 8600 started.
vk_api_daemon: process with pid 8768 started.
vk_api_daemon: process with pid 9162 started.
vk_api_daemon: process with pid 9383 started.
vk_api_daemon: process with pid 9522 started.
vk_api_daemon: process with pid 9637 started.
vk_api_daemon: process with pid 9775 started.
<html>
<head><title>400 Bad Request</title></head>
<body bgcolor="white">
<center><h1>400 Bad Request</h1></center>
<hr><center>nginx/0.3.33</center>
</body>
</html>
vk_api_daemon: process with pid 9923 started.
vk_api_daemon: process with pid 10297 started.
vk_api_daemon: process with pid 10715 started.
vk_api_daemon: process with pid 10950 started.
vk_api_daemon: process with pid 11084 started.
vk_api_daemon: process with pid 11668 started.
vk_api_daemon: process with pid 11792 started.
vk_api_daemon: process with pid 11899 started.
vk_api_daemon: process with pid 12004 started.
vk_api_daemon: process with pid 12489 started.
vk_api_daemon: process with pid 12624 started.
vk_api_daemon: process with pid 12778 started.
vk_api_daemon: process with pid 12893 started.
vk_api_daemon: process with pid 13002 started.
vk_api_daemon: process with pid 17211 started.
vk_api_daemon: process with pid 17433 started.
vk_api_daemon: process with pid 17924 started.
vk_api_daemon: process with pid 18209 started.
vk_api_daemon: process with pid 21466 started.
vk_api_daemon: process with pid 22346 started.
vk_api_daemon: process with pid 22766 started.
vk_api_daemon: process with pid 23179 started.
vk_api_daemon: process with pid 23304 started.
vk_api_daemon: process with pid 23491 started.
vk_api_daemon: process with pid 23687 started.
vk_api_daemon: process with pid 23801 started.
vk_api_daemon: process with pid 23956 started.
vk_api_daemon: process with pid 24377 started.
vk_api_daemon: process with pid 24516 started.
vk_api_daemon: process with pid 24659 started.
vk_api_daemon: process with pid 24783 started.
vk_api_daemon: process with pid 24898 started.
vk_api_daemon: process with pid 9066 started.
vk_api_daemon: process with pid 9847 started.
vk_api_daemon: process with pid 11185 started.
vk_api_daemon: process with pid 11589 started.
vk_api_daemon: process with pid 11700 started.
vk_api_daemon: process with pid 11814 started.
vk_api_daemon: process with pid 19272 started.
vk_api_daemon: process with pid 20127 started.
vk_api_daemon: process with pid 21117 started.
vk_api_daemon: process with pid 21295 started.
vk_api_daemon: process with pid 21483 started.
vk_api_daemon: process with pid 21629 started.
vk_api_daemon: process with pid 21745 started.
vk_api_daemon: process with pid 21888 started.
vk_api_daemon: process with pid 22016 started.
vk_api_daemon: process with pid 22138 started.
vk_api_daemon: process with pid 22252 started.
vk_api_daemon: process with pid 23587 started.
vk_api_daemon: process with pid 7096 started.
vk_api_daemon: process with pid 7253 started.
vk_api_daemon: process with pid 7356 started.
